2017-11-03 15:43:35.067  INFO 9108 --- [main] ationConfigEmbeddedWebApplicationContext : Refreshing org.springframework.boot.context.embedded.AnnotationConfigEmbeddedWebApplicationContext@626201bd: startup date [Fri Nov 03 15:43:35 CST 2017]; root of context hierarchy
2017-11-03 15:43:36.420  INFO 9108 --- [main] o.s.b.f.s.DefaultListableBeanFactory     : Overriding bean definition for bean 'beanNameViewResolver' with a different definition: replacing [Root bean: class [null]; scope=; abstract=false; lazyInit=false; autowireMode=3; dependencyCheck=0; autowireCandidate=true; primary=false; factoryBeanName=org.springframework.boot.autoconfigure.web.ErrorMvcAutoConfiguration$WhitelabelErrorViewConfiguration; factoryMethodName=beanNameViewResolver; initMethodName=null; destroyMethodName=(inferred); defined in class path resource [org/springframework/boot/autoconfigure/web/ErrorMvcAutoConfiguration$WhitelabelErrorViewConfiguration.class]] with [Root bean: class [null]; scope=; abstract=false; lazyInit=false; autowireMode=3; dependencyCheck=0; autowireCandidate=true; primary=false; factoryBeanName=org.springframework.boot.autoconfigure.web.WebMvcAutoConfiguration$WebMvcAutoConfigurationAdapter; factoryMethodName=beanNameViewResolver; initMethodName=null; destroyMethodName=(inferred); defined in class path resource [org/springframework/boot/autoconfigure/web/WebMvcAutoConfiguration$WebMvcAutoConfigurationAdapter.class]]
2017-11-03 15:43:36.987  INFO 9108 --- [main] trationDelegate$BeanPostProcessorChecker : Bean 'org.springframework.transaction.annotation.ProxyTransactionManagementConfiguration' of type [class org.springframework.transaction.annotation.ProxyTransactionManagementConfiguration$$EnhancerBySpringCGLIB$$b8329ce4] is not eligible for getting processed by all BeanPostProcessors (for example: not eligible for auto-proxying)
2017-11-03 15:43:37.684  INFO 9108 --- [main] s.b.c.e.t.TomcatEmbeddedServletContainer : Tomcat initialized with port(s): 8080 (http)
2017-11-03 15:43:37.703  INFO 9108 --- [main] o.apache.catalina.core.StandardService   : Starting service Tomcat
2017-11-03 15:43:37.704  INFO 9108 --- [main] org.apache.catalina.core.StandardEngine  : Starting Servlet Engine: Apache Tomcat/8.0.30
2017-11-03 15:43:37.969  INFO 9108 --- [localhost-startStop-1] o.a.c.c.C.[Tomcat].[localhost].[/]       : Initializing Spring embedded WebApplicationContext
2017-11-03 15:43:37.969  INFO 9108 --- [localhost-startStop-1] o.s.web.context.ContextLoader            : Root WebApplicationContext: initialization completed in 2907 ms
2017-11-03 15:43:38.435  INFO 9108 --- [localhost-startStop-1] o.s.b.c.e.ServletRegistrationBean        : Mapping servlet: 'dispatcherServlet' to [/]
2017-11-03 15:43:38.439  INFO 9108 --- [localhost-startStop-1] o.s.b.c.embedded.FilterRegistrationBean  : Mapping filter: 'characterEncodingFilter' to: [/*]
2017-11-03 15:43:38.440  INFO 9108 --- [localhost-startStop-1] o.s.b.c.embedded.FilterRegistrationBean  : Mapping filter: 'hiddenHttpMethodFilter' to: [/*]
2017-11-03 15:43:38.440  INFO 9108 --- [localhost-startStop-1] o.s.b.c.embedded.FilterRegistrationBean  : Mapping filter: 'httpPutFormContentFilter' to: [/*]
2017-11-03 15:43:38.440  INFO 9108 --- [localhost-startStop-1] o.s.b.c.embedded.FilterRegistrationBean  : Mapping filter: 'requestContextFilter' to: [/*]
2017-11-03 15:43:39.834  INFO 9108 --- [main] s.w.s.m.m.a.RequestMappingHandlerMapping : Mapped "{[/test/hello/insert],methods=[GET]}" onto public java.lang.String com.xx.controller.test.HelloController.insertByMybatis() throws java.lang.Exception
2017-11-03 15:43:39.836  INFO 9108 --- [main] s.w.s.m.m.a.RequestMappingHandlerMapping : Mapped "{[/test/hello/{id}],methods=[GET]}" onto public java.lang.String com.xx.controller.test.HelloController.hello(java.lang.Long) throws java.lang.Exception
2017-11-03 15:43:39.837  INFO 9108 --- [main] s.w.s.m.m.a.RequestMappingHandlerMapping : Mapped "{[/test/hello/error],methods=[GET]}" onto public java.lang.String com.xx.controller.test.HelloController.dealError() throws java.lang.Exception
2017-11-03 15:43:39.838  INFO 9108 --- [main] s.w.s.m.m.a.RequestMappingHandlerMapping : Mapped "{[/v2/api-docs],methods=[GET]}" onto public org.springframework.http.ResponseEntity<springfox.documentation.spring.web.json.Json> springfox.documentation.swagger2.web.Swagger2Controller.getDocumentation(java.lang.String)
2017-11-03 15:43:39.844  INFO 9108 --- [main] s.w.s.m.m.a.RequestMappingHandlerMapping : Mapped "{[/configuration/security]}" onto org.springframework.http.ResponseEntity<springfox.documentation.swagger.web.SecurityConfiguration> springfox.documentation.swagger.web.ApiResourceController.securityConfiguration()
2017-11-03 15:43:39.845  INFO 9108 --- [main] s.w.s.m.m.a.RequestMappingHandlerMapping : Mapped "{[/configuration/ui]}" onto org.springframework.http.ResponseEntity<springfox.documentation.swagger.web.UiConfiguration> springfox.documentation.swagger.web.ApiResourceController.uiConfiguration()
2017-11-03 15:43:39.846  INFO 9108 --- [main] s.w.s.m.m.a.RequestMappingHandlerMapping : Mapped "{[/swagger-resources]}" onto org.springframework.http.ResponseEntity<java.util.List<springfox.documentation.swagger.web.SwaggerResource>> springfox.documentation.swagger.web.ApiResourceController.swaggerResources()
2017-11-03 15:43:39.853  INFO 9108 --- [main] s.w.s.m.m.a.RequestMappingHandlerMapping : Mapped "{[/error]}" onto public org.springframework.http.ResponseEntity<java.util.Map<java.lang.String, java.lang.Object>> org.springframework.boot.autoconfigure.web.BasicErrorController.error(javax.servlet.http.HttpServletRequest)
2017-11-03 15:43:39.853  INFO 9108 --- [main] s.w.s.m.m.a.RequestMappingHandlerMapping : Mapped "{[/error],produces=[text/html]}" onto public org.springframework.web.servlet.ModelAndView org.springframework.boot.autoconfigure.web.BasicErrorController.errorHtml(javax.servlet.http.HttpServletRequest,javax.servlet.http.HttpServletResponse)
2017-11-03 15:43:40.257  INFO 9108 --- [main] s.w.s.m.m.a.RequestMappingHandlerAdapter : Looking for @ControllerAdvice: org.springframework.boot.context.embedded.AnnotationConfigEmbeddedWebApplicationContext@626201bd: startup date [Fri Nov 03 15:43:35 CST 2017]; root of context hierarchy
2017-11-03 15:43:40.368  INFO 9108 --- [main] o.s.w.s.handler.SimpleUrlHandlerMapping  : Mapped URL path [/webjars/**] onto handler of type [class org.springframework.web.servlet.resource.ResourceHttpRequestHandler]
2017-11-03 15:43:40.369  INFO 9108 --- [main] o.s.w.s.handler.SimpleUrlHandlerMapping  : Mapped URL path [/**] onto handler of type [class org.springframework.web.servlet.resource.ResourceHttpRequestHandler]
2017-11-03 15:43:40.411  INFO 9108 --- [main] .m.m.a.ExceptionHandlerExceptionResolver : Detected @ExceptionHandler methods in globalExceptionHandler
2017-11-03 15:43:40.455  INFO 9108 --- [main] o.s.w.s.handler.SimpleUrlHandlerMapping  : Mapped URL path [/**/favicon.ico] onto handler of type [class org.springframework.web.servlet.resource.ResourceHttpRequestHandler]
2017-11-03 15:43:40.879  INFO 9108 --- [main] o.s.j.e.a.AnnotationMBeanExporter        : Registering beans for JMX exposure on startup
2017-11-03 15:43:40.943  INFO 9108 --- [main] d.s.w.p.DocumentationPluginsBootstrapper : Context refreshed
2017-11-03 15:43:40.973  INFO 9108 --- [main] d.s.w.p.DocumentationPluginsBootstrapper : Found {0} custom documentation plugin(s)
2017-11-03 15:43:40.986  INFO 9108 --- [main] s.d.s.w.s.ApiListingReferenceScanner     : Scanning for api listing references
2017-11-03 15:43:40.993  INFO 9108 --- [main] s.w.ClassOrApiAnnotationResourceGrouping : Group for method dealError was hello-controller
2017-11-03 15:43:40.997  INFO 9108 --- [main] s.d.s.w.s.ApiListingReferenceScanner     : Request mapping: dealError belongs to groups: [[ResourceGroup{groupName='hello-controller', position=0, controller=com.xx.controller.test.HelloController}]] 
2017-11-03 15:43:40.999  INFO 9108 --- [main] s.w.ClassOrApiAnnotationResourceGrouping : Group for method insertByMybatis was hello-controller
2017-11-03 15:43:40.999  INFO 9108 --- [main] s.d.s.w.s.ApiListingReferenceScanner     : Request mapping: insertByMybatis belongs to groups: [[ResourceGroup{groupName='hello-controller', position=0, controller=com.xx.controller.test.HelloController}]] 
2017-11-03 15:43:41.000  INFO 9108 --- [main] s.w.ClassOrApiAnnotationResourceGrouping : Group for method hello was hello-controller
2017-11-03 15:43:41.000  INFO 9108 --- [main] s.d.s.w.s.ApiListingReferenceScanner     : Request mapping: hello belongs to groups: [[ResourceGroup{groupName='hello-controller', position=0, controller=com.xx.controller.test.HelloController}]] 
2017-11-03 15:43:41.005  INFO 9108 --- [main] s.d.s.w.s.ApiListingReferenceScanner     : Created resource listing Path: /default/hello-controller Description: hello-controller Position: 0
2017-11-03 15:43:41.033  INFO 9108 --- [main] s.d.schema.ModelContextKeyGenerator      : Cache Key Generated: java.lang.String(true)
2017-11-03 15:43:41.033  INFO 9108 --- [main] s.d.spring.web.caching.CachingAspect     : Caching aspect applied for cache models with key java.lang.String(true)
2017-11-03 15:43:41.039  INFO 9108 --- [main] s.d.schema.ModelContextKeyGenerator      : Cache Key Generated: java.lang.String(true)
2017-11-03 15:43:41.039  INFO 9108 --- [main] s.d.spring.web.caching.CachingAspect     : Caching aspect applied for cache modelDependencies with key java.lang.String(true)
2017-11-03 15:43:41.053  INFO 9108 --- [main] s.d.spring.web.OperationsKeyGenerator    : Cache key generated: /test/hello/error.com.xx.controller.test.HelloController.dealError.DefaultGenericTypeNamingStrategy
2017-11-03 15:43:41.054  INFO 9108 --- [main] s.d.spring.web.caching.CachingAspect     : Caching aspect applied for cache operations with key /test/hello/error.com.xx.controller.test.HelloController.dealError.DefaultGenericTypeNamingStrategy
2017-11-03 15:43:41.070  INFO 9108 --- [main] s.w.ClassOrApiAnnotationResourceGrouping : Group for method dealError was hello-controller
2017-11-03 15:43:41.103  INFO 9108 --- [main] s.w.ClassOrApiAnnotationResourceGrouping : Group for method dealError was hello-controller
2017-11-03 15:43:41.119  INFO 9108 --- [main] s.d.schema.ModelContextKeyGenerator      : Cache Key Generated: java.lang.String(true)
2017-11-03 15:43:41.120  INFO 9108 --- [main] s.d.spring.web.caching.CachingAspect     : Caching aspect applied for cache models with key java.lang.String(true)
2017-11-03 15:43:41.120  INFO 9108 --- [main] s.d.schema.ModelContextKeyGenerator      : Cache Key Generated: java.lang.String(true)
2017-11-03 15:43:41.120  INFO 9108 --- [main] s.d.spring.web.caching.CachingAspect     : Caching aspect applied for cache modelDependencies with key java.lang.String(true)
2017-11-03 15:43:41.121  INFO 9108 --- [main] s.d.spring.web.OperationsKeyGenerator    : Cache key generated: /test/hello/{id}.com.xx.controller.test.HelloController.hello.DefaultGenericTypeNamingStrategy
2017-11-03 15:43:41.122  INFO 9108 --- [main] s.d.spring.web.caching.CachingAspect     : Caching aspect applied for cache operations with key /test/hello/{id}.com.xx.controller.test.HelloController.hello.DefaultGenericTypeNamingStrategy
2017-11-03 15:43:41.135  INFO 9108 --- [main] s.w.ClassOrApiAnnotationResourceGrouping : Group for method hello was hello-controller
2017-11-03 15:43:41.141  INFO 9108 --- [main] s.w.ClassOrApiAnnotationResourceGrouping : Group for method hello was hello-controller
2017-11-03 15:43:41.144  INFO 9108 --- [main] s.d.schema.ModelContextKeyGenerator      : Cache Key Generated: java.lang.String(true)
2017-11-03 15:43:41.144  INFO 9108 --- [main] s.d.spring.web.caching.CachingAspect     : Caching aspect applied for cache models with key java.lang.String(true)
2017-11-03 15:43:41.145  INFO 9108 --- [main] s.d.schema.ModelContextKeyGenerator      : Cache Key Generated: java.lang.String(true)
2017-11-03 15:43:41.145  INFO 9108 --- [main] s.d.spring.web.caching.CachingAspect     : Caching aspect applied for cache modelDependencies with key java.lang.String(true)
2017-11-03 15:43:41.146  INFO 9108 --- [main] s.d.spring.web.OperationsKeyGenerator    : Cache key generated: /test/hello/insert.com.xx.controller.test.HelloController.insertByMybatis.DefaultGenericTypeNamingStrategy
2017-11-03 15:43:41.146  INFO 9108 --- [main] s.d.spring.web.caching.CachingAspect     : Caching aspect applied for cache operations with key /test/hello/insert.com.xx.controller.test.HelloController.insertByMybatis.DefaultGenericTypeNamingStrategy
2017-11-03 15:43:41.148  INFO 9108 --- [main] s.w.ClassOrApiAnnotationResourceGrouping : Group for method insertByMybatis was hello-controller
2017-11-03 15:43:41.156  INFO 9108 --- [main] s.w.ClassOrApiAnnotationResourceGrouping : Group for method insertByMybatis was hello-controller
2017-11-03 15:43:41.273  INFO 9108 --- [main] s.b.c.e.t.TomcatEmbeddedServletContainer : Tomcat started on port(s): 8080 (http)
